2016-10-22 11:43:25.330+0000 INFO  [o.n.k.i.f.CommunityFacadeFactory] No locking implementation specified, defaulting to 'community'
2016-10-22 11:43:25.506+0000 INFO  [o.n.k.AvailabilityGuard] Requirement makes database unavailable: Database available
2016-10-22 11:43:25.544+0000 INFO  [o.n.k.i.DiagnosticsManager] --- INITIALIZED diagnostics START ---
2016-10-22 11:43:25.544+0000 INFO  [o.n.k.i.DiagnosticsManager] Neo4j Kernel properties:
2016-10-22 11:43:25.544+0000 INFO  [o.n.k.i.DiagnosticsManager] dbms.connector.http.enabled=true
2016-10-22 11:43:25.545+0000 INFO  [o.n.k.i.DiagnosticsManager] dbms.security.auth_enabled=true
2016-10-22 11:43:25.545+0000 INFO  [o.n.k.i.DiagnosticsManager] dbms.connector.bolt.type=BOLT
2016-10-22 11:43:25.545+0000 INFO  [o.n.k.i.DiagnosticsManager] unsupported.dbms.directories.neo4j_home=/Users/remcovisser/code/school/hr/Jaar2/Blok1/Assignment3
2016-10-22 11:43:25.545+0000 INFO  [o.n.k.i.DiagnosticsManager] dbms.directories.import=import
2016-10-22 11:43:25.546+0000 INFO  [o.n.k.i.DiagnosticsManager] dbms.connector.bolt.tls_level=OPTIONAL
2016-10-22 11:43:25.546+0000 INFO  [o.n.k.i.DiagnosticsManager] dbms.shell.enabled=true
2016-10-22 11:43:25.546+0000 INFO  [o.n.k.i.DiagnosticsManager] dbms.connector.http.type=HTTP
2016-10-22 11:43:25.547+0000 INFO  [o.n.k.i.DiagnosticsManager] unsupported.dbms.directories.database=/Users/remcovisser/code/school/hr/Jaar2/Blok1/Assignment3
2016-10-22 11:43:25.547+0000 INFO  [o.n.k.i.DiagnosticsManager] dbms.logs.http.enabled=false
2016-10-22 11:43:25.547+0000 INFO  [o.n.k.i.DiagnosticsManager] unsupported.dbms.security.auth_store.location=data/dbms/auth
2016-10-22 11:43:25.547+0000 INFO  [o.n.k.i.DiagnosticsManager] unsupported.dbms.edition=community
2016-10-22 11:43:25.547+0000 INFO  [o.n.k.i.DiagnosticsManager] dbms.connector.bolt.enabled=true
2016-10-22 11:43:25.547+0000 INFO  [o.n.k.i.DiagnosticsManager] Diagnostics providers:
2016-10-22 11:43:25.547+0000 INFO  [o.n.k.i.DiagnosticsManager] org.neo4j.kernel.configuration.Config
2016-10-22 11:43:25.547+0000 INFO  [o.n.k.i.DiagnosticsManager] org.neo4j.kernel.info.DiagnosticsManager
2016-10-22 11:43:25.547+0000 INFO  [o.n.k.i.DiagnosticsManager] SYSTEM_MEMORY
2016-10-22 11:43:25.548+0000 INFO  [o.n.k.i.DiagnosticsManager] JAVA_MEMORY
2016-10-22 11:43:25.548+0000 INFO  [o.n.k.i.DiagnosticsManager] OPERATING_SYSTEM
2016-10-22 11:43:25.548+0000 INFO  [o.n.k.i.DiagnosticsManager] JAVA_VIRTUAL_MACHINE
2016-10-22 11:43:25.548+0000 INFO  [o.n.k.i.DiagnosticsManager] CLASSPATH
2016-10-22 11:43:25.548+0000 INFO  [o.n.k.i.DiagnosticsManager] LIBRARY_PATH
2016-10-22 11:43:25.548+0000 INFO  [o.n.k.i.DiagnosticsManager] SYSTEM_PROPERTIES
2016-10-22 11:43:25.548+0000 INFO  [o.n.k.i.DiagnosticsManager] NETWORK
2016-10-22 11:43:25.548+0000 INFO  [o.n.k.i.DiagnosticsManager] System memory information:
2016-10-22 11:43:25.553+0000 INFO  [o.n.k.i.DiagnosticsManager] Total Physical memory: 8.00 GB
2016-10-22 11:43:25.555+0000 INFO  [o.n.k.i.DiagnosticsManager] Free Physical memory: 28.75 MB
2016-10-22 11:43:25.557+0000 INFO  [o.n.k.i.DiagnosticsManager] Committed virtual memory: 6.62 GB
2016-10-22 11:43:25.558+0000 INFO  [o.n.k.i.DiagnosticsManager] Total swap space: 2.00 GB
2016-10-22 11:43:25.562+0000 INFO  [o.n.k.i.DiagnosticsManager] Free swap space: 1.15 GB
2016-10-22 11:43:25.562+0000 INFO  [o.n.k.i.DiagnosticsManager] JVM memory information:
2016-10-22 11:43:25.562+0000 INFO  [o.n.k.i.DiagnosticsManager] Free  memory: 83.63 MB
2016-10-22 11:43:25.562+0000 INFO  [o.n.k.i.DiagnosticsManager] Total memory: 123.00 MB
2016-10-22 11:43:25.562+0000 INFO  [o.n.k.i.DiagnosticsManager] Max   memory: 1.78 GB
2016-10-22 11:43:25.573+0000 INFO  [o.n.k.i.DiagnosticsManager] Garbage Collector: PS Scavenge: [PS Eden Space, PS Survivor Space]
2016-10-22 11:43:25.574+0000 INFO  [o.n.k.i.DiagnosticsManager] Garbage Collector: PS MarkSweep: [PS Eden Space, PS Survivor Space, PS Old Gen]
2016-10-22 11:43:25.579+0000 INFO  [o.n.k.i.DiagnosticsManager] Memory Pool: Code Cache (Non-heap memory): committed=4.88 MB, used=4.85 MB, max=240.00 MB, threshold=0.00 B
2016-10-22 11:43:25.579+0000 INFO  [o.n.k.i.DiagnosticsManager] Memory Pool: Metaspace (Non-heap memory): committed=18.63 MB, used=18.02 MB, max=-1.00 B, threshold=0.00 B
2016-10-22 11:43:25.580+0000 INFO  [o.n.k.i.DiagnosticsManager] Memory Pool: Compressed Class Space (Non-heap memory): committed=2.63 MB, used=2.40 MB, max=1.00 GB, threshold=0.00 B
2016-10-22 11:43:25.580+0000 INFO  [o.n.k.i.DiagnosticsManager] Memory Pool: PS Eden Space (Heap memory): committed=32.50 MB, used=26.59 MB, max=672.50 MB, threshold=?
2016-10-22 11:43:25.581+0000 INFO  [o.n.k.i.DiagnosticsManager] Memory Pool: PS Survivor Space (Heap memory): committed=5.00 MB, used=4.98 MB, max=5.00 MB, threshold=?
2016-10-22 11:43:25.581+0000 INFO  [o.n.k.i.DiagnosticsManager] Memory Pool: PS Old Gen (Heap memory): committed=85.50 MB, used=7.79 MB, max=1.33 GB, threshold=0.00 B
2016-10-22 11:43:25.581+0000 INFO  [o.n.k.i.DiagnosticsManager] Operating system information:
2016-10-22 11:43:25.585+0000 INFO  [o.n.k.i.DiagnosticsManager] Operating System: Mac OS X; version: 10.12; arch: x86_64; cpus: 4
2016-10-22 11:43:25.587+0000 INFO  [o.n.k.i.DiagnosticsManager] Max number of file descriptors: 10240
2016-10-22 11:43:25.588+0000 INFO  [o.n.k.i.DiagnosticsManager] Number of open file descriptors: 37
2016-10-22 11:43:30.691+0000 INFO  [o.n.k.i.DiagnosticsManager] Process id: 45453@Remcos-MacBook-Pro.local
2016-10-22 11:43:30.691+0000 INFO  [o.n.k.i.DiagnosticsManager] Byte order: LITTLE_ENDIAN
2016-10-22 11:43:30.691+0000 INFO  [o.n.k.i.DiagnosticsManager] Local timezone: Europe/Amsterdam
2016-10-22 11:43:30.691+0000 INFO  [o.n.k.i.DiagnosticsManager] JVM information:
2016-10-22 11:43:30.691+0000 INFO  [o.n.k.i.DiagnosticsManager] VM Name: Java HotSpot(TM) 64-Bit Server VM
2016-10-22 11:43:30.691+0000 INFO  [o.n.k.i.DiagnosticsManager] VM Vendor: Oracle Corporation
2016-10-22 11:43:30.691+0000 INFO  [o.n.k.i.DiagnosticsManager] VM Version: 25.60-b23
2016-10-22 11:43:30.693+0000 INFO  [o.n.k.i.DiagnosticsManager] JIT compiler: HotSpot 64-Bit Tiered Compilers
2016-10-22 11:43:30.697+0000 INFO  [o.n.k.i.DiagnosticsManager] VM Arguments: [-Dfile.encoding=UTF-8, -Dinstall4j.launcherId=24, -Dinstall4j.swt=false, -Dexe4j.moduleName=/Applications/Neo4j Community Edition.app, -Di4j.ownBundlePath=/Applications/Neo4j Community Edition.app, -Di4j.jreBundle=/Applications/Neo4j Community Edition.app/Contents/Resources/jre.bundle]
2016-10-22 11:43:30.697+0000 INFO  [o.n.k.i.DiagnosticsManager] Java classpath:
2016-10-22 11:43:30.699+0000 INFO  [o.n.k.i.DiagnosticsManager]  [bootstrap] /Applications/Neo4j Community Edition.app/Contents/Resources/jre.bundle/Contents/Home/jre/lib/rt.jar
2016-10-22 11:43:30.700+0000 INFO  [o.n.k.i.DiagnosticsManager]  [bootstrap] /Applications/Neo4j Community Edition.app/Contents/Resources/jre.bundle/Contents/Home/jre/lib/jce.jar
2016-10-22 11:43:30.700+0000 INFO  [o.n.k.i.DiagnosticsManager]  [loader.0] file:/Applications/Neo4j%20Community%20Edition.app/Contents/Resources/app/bin/neo4j-desktop-3.0.6.jar
2016-10-22 11:43:30.700+0000 INFO  [o.n.k.i.DiagnosticsManager]  [loader.1] file:/Applications/Neo4j%20Community%20Edition.app/Contents/Resources/jre.bundle/Contents/Home/jre/lib/ext/jfxrt.jar
2016-10-22 11:43:30.700+0000 INFO  [o.n.k.i.DiagnosticsManager]  [bootstrap] /Applications/Neo4j Community Edition.app/Contents/Resources/jre.bundle/Contents/Home/jre/lib/charsets.jar
2016-10-22 11:43:30.700+0000 INFO  [o.n.k.i.DiagnosticsManager]  [loader.1] file:/Applications/Neo4j%20Community%20Edition.app/Contents/Resources/jre.bundle/Contents/Home/jre/lib/ext/dnsns.jar
2016-10-22 11:43:30.700+0000 INFO  [o.n.k.i.DiagnosticsManager]  [classpath] /Applications/Neo4j Community Edition.app/Contents/Resources/app/bin/neo4j-desktop-3.0.6.jar
2016-10-22 11:43:30.700+0000 INFO  [o.n.k.i.DiagnosticsManager]  [loader.1] file:/Applications/Neo4j%20Community%20Edition.app/Contents/Resources/jre.bundle/Contents/Home/jre/lib/ext/zipfs.jar
2016-10-22 11:43:30.700+0000 INFO  [o.n.k.i.DiagnosticsManager]  [classpath] /Applications/Neo4j Community Edition.app/Contents/Resources/app/.install4j/i4jruntime.jar
2016-10-22 11:43:30.700+0000 INFO  [o.n.k.i.DiagnosticsManager]  [bootstrap] /Applications/Neo4j Community Edition.app/Contents/Resources/jre.bundle/Contents/Home/jre/lib/sunrsasign.jar
2016-10-22 11:43:30.700+0000 INFO  [o.n.k.i.DiagnosticsManager]  [loader.1] file:/Applications/Neo4j%20Community%20Edition.app/Contents/Resources/jre.bundle/Contents/Home/jre/lib/ext/nashorn.jar
2016-10-22 11:43:30.701+0000 INFO  [o.n.k.i.DiagnosticsManager]  [loader.1] file:/Applications/Neo4j%20Community%20Edition.app/Contents/Resources/jre.bundle/Contents/Home/jre/lib/ext/sunec.jar
2016-10-22 11:43:30.701+0000 INFO  [o.n.k.i.DiagnosticsManager]  [loader.1] file:/Applications/Neo4j%20Community%20Edition.app/Contents/Resources/jre.bundle/Contents/Home/jre/lib/ext/cldrdata.jar
2016-10-22 11:43:30.701+0000 INFO  [o.n.k.i.DiagnosticsManager]  [bootstrap] /Applications/Neo4j Community Edition.app/Contents/Resources/jre.bundle/Contents/Home/jre/lib/jsse.jar
2016-10-22 11:43:30.701+0000 INFO  [o.n.k.i.DiagnosticsManager]  [loader.1] file:/Applications/Neo4j%20Community%20Edition.app/Contents/Resources/jre.bundle/Contents/Home/jre/lib/ext/jaccess.jar
2016-10-22 11:43:30.701+0000 INFO  [o.n.k.i.DiagnosticsManager]  [loader.1] file:/Applications/Neo4j%20Community%20Edition.app/Contents/Resources/jre.bundle/Contents/Home/jre/lib/ext/localedata.jar
2016-10-22 11:43:30.701+0000 INFO  [o.n.k.i.DiagnosticsManager]  [loader.0] file:/Applications/Neo4j%20Community%20Edition.app/Contents/Resources/app/.install4j/i4jruntime.jar
2016-10-22 11:43:30.702+0000 INFO  [o.n.k.i.DiagnosticsManager]  [loader.1] file:/Applications/Neo4j%20Community%20Edition.app/Contents/Resources/jre.bundle/Contents/Home/jre/lib/ext/sunpkcs11.jar
2016-10-22 11:43:30.702+0000 INFO  [o.n.k.i.DiagnosticsManager]  [bootstrap] /Applications/Neo4j Community Edition.app/Contents/Resources/jre.bundle/Contents/Home/jre/lib/resources.jar
2016-10-22 11:43:30.702+0000 INFO  [o.n.k.i.DiagnosticsManager]  [loader.1] file:/System/Library/Java/Extensions/MRJToolkit.jar
2016-10-22 11:43:30.702+0000 INFO  [o.n.k.i.DiagnosticsManager]  [bootstrap] /Applications/Neo4j Community Edition.app/Contents/Resources/jre.bundle/Contents/Home/jre/lib/jfr.jar
2016-10-22 11:43:30.702+0000 INFO  [o.n.k.i.DiagnosticsManager]  [bootstrap] /Applications/Neo4j Community Edition.app/Contents/Resources/jre.bundle/Contents/Home/jre/classes
2016-10-22 11:43:30.702+0000 INFO  [o.n.k.i.DiagnosticsManager]  [loader.1] file:/Applications/Neo4j%20Community%20Edition.app/Contents/Resources/jre.bundle/Contents/Home/jre/lib/ext/sunjce_provider.jar
2016-10-22 11:43:30.702+0000 INFO  [o.n.k.i.DiagnosticsManager] Library path:
2016-10-22 11:43:30.702+0000 INFO  [o.n.k.i.DiagnosticsManager] /Users/remcovisser/Library/Java/Extensions
2016-10-22 11:43:30.702+0000 INFO  [o.n.k.i.DiagnosticsManager] /Library/Java/Extensions
2016-10-22 11:43:30.702+0000 INFO  [o.n.k.i.DiagnosticsManager] /Network/Library/Java/Extensions
2016-10-22 11:43:30.702+0000 INFO  [o.n.k.i.DiagnosticsManager] /System/Library/Java/Extensions
2016-10-22 11:43:30.702+0000 INFO  [o.n.k.i.DiagnosticsManager] /usr/lib/java
2016-10-22 11:43:30.702+0000 INFO  [o.n.k.i.DiagnosticsManager] /Applications/Neo4j Community Edition.app/Contents/Resources/app/bin
2016-10-22 11:43:30.702+0000 INFO  [o.n.k.i.DiagnosticsManager] System.properties:
2016-10-22 11:43:30.702+0000 INFO  [o.n.k.i.DiagnosticsManager] exe4j.moduleName = /Applications/Neo4j Community Edition.app
2016-10-22 11:43:30.702+0000 INFO  [o.n.k.i.DiagnosticsManager] sun.boot.library.path = /Applications/Neo4j Community Edition.app/Contents/Resources/jre.bundle/Contents/Home/jre/lib
2016-10-22 11:43:30.703+0000 INFO  [o.n.k.i.DiagnosticsManager] user.country.format = NL
2016-10-22 11:43:30.703+0000 INFO  [o.n.k.i.DiagnosticsManager] i4j.jreBundle = /Applications/Neo4j Community Edition.app/Contents/Resources/jre.bundle
2016-10-22 11:43:30.703+0000 INFO  [o.n.k.i.DiagnosticsManager] gopherProxySet = false
2016-10-22 11:43:30.703+0000 INFO  [o.n.k.i.DiagnosticsManager] path.separator = :
2016-10-22 11:43:30.703+0000 INFO  [o.n.k.i.DiagnosticsManager] file.encoding.pkg = sun.io
2016-10-22 11:43:30.703+0000 INFO  [o.n.k.i.DiagnosticsManager] user.country = US
2016-10-22 11:43:30.703+0000 INFO  [o.n.k.i.DiagnosticsManager] sun.java.launcher = SUN_STANDARD
2016-10-22 11:43:30.703+0000 INFO  [o.n.k.i.DiagnosticsManager] sun.os.patch.level = unknown
2016-10-22 11:43:30.703+0000 INFO  [o.n.k.i.DiagnosticsManager] install4j.exeDir = /Applications/
2016-10-22 11:43:30.703+0000 INFO  [o.n.k.i.DiagnosticsManager] user.dir = /Applications/Neo4j Community Edition.app/Contents/Resources/app/bin
2016-10-22 11:43:30.703+0000 INFO  [o.n.k.i.DiagnosticsManager] i4j.ownBundlePath = /Applications/Neo4j Community Edition.app
2016-10-22 11:43:30.703+0000 INFO  [o.n.k.i.DiagnosticsManager] sun.jnu.encoding = UTF-8
2016-10-22 11:43:30.703+0000 INFO  [o.n.k.i.DiagnosticsManager] unsupported.dbms.udc.source = desktop
2016-10-22 11:43:30.703+0000 INFO  [o.n.k.i.DiagnosticsManager] sun.awt.enableExtraMouseButtons = true
2016-10-22 11:43:30.703+0000 INFO  [o.n.k.i.DiagnosticsManager] install4j.launcherId = 24
2016-10-22 11:43:30.703+0000 INFO  [o.n.k.i.DiagnosticsManager] sun.management.compiler = HotSpot 64-Bit Tiered Compilers
2016-10-22 11:43:30.703+0000 INFO  [o.n.k.i.DiagnosticsManager] install4j.swt = false
2016-10-22 11:43:30.703+0000 INFO  [o.n.k.i.DiagnosticsManager] apple.awt.fileDialogForDirectories = false
2016-10-22 11:43:30.703+0000 INFO  [o.n.k.i.DiagnosticsManager] http.nonProxyHosts = local|*.local|169.254/16|*.169.254/16
2016-10-22 11:43:30.703+0000 INFO  [o.n.k.i.DiagnosticsManager] user.home = /Users/remcovisser
2016-10-22 11:43:30.703+0000 INFO  [o.n.k.i.DiagnosticsManager] user.timezone = Europe/Amsterdam
2016-10-22 11:43:30.703+0000 INFO  [o.n.k.i.DiagnosticsManager] file.encoding = UTF-8
2016-10-22 11:43:30.703+0000 INFO  [o.n.k.i.DiagnosticsManager] user.name = remcovisser
2016-10-22 11:43:30.703+0000 INFO  [o.n.k.i.DiagnosticsManager] sun.java.command = com.install4j.runtime.launcher.MacLauncher
2016-10-22 11:43:30.703+0000 INFO  [o.n.k.i.DiagnosticsManager] sun.arch.data.model = 64
2016-10-22 11:43:30.703+0000 INFO  [o.n.k.i.DiagnosticsManager] user.language = en
2016-10-22 11:43:30.703+0000 INFO  [o.n.k.i.DiagnosticsManager] awt.toolkit = sun.lwawt.macosx.LWCToolkit
2016-10-22 11:43:30.703+0000 INFO  [o.n.k.i.DiagnosticsManager] install4j.appDir = /Applications/Neo4j Community Edition.app/Contents/Resources/app/
2016-10-22 11:43:30.703+0000 INFO  [o.n.k.i.DiagnosticsManager] file.separator = /
2016-10-22 11:43:30.703+0000 INFO  [o.n.k.i.DiagnosticsManager] sun.font.fontmanager = sun.font.CFontManager
2016-10-22 11:43:30.703+0000 INFO  [o.n.k.i.DiagnosticsManager] sun.io.unicode.encoding = UnicodeBig
2016-10-22 11:43:30.704+0000 INFO  [o.n.k.i.DiagnosticsManager] sun.cpu.endian = little
2016-10-22 11:43:30.704+0000 INFO  [o.n.k.i.DiagnosticsManager] socksNonProxyHosts = local|*.local|169.254/16|*.169.254/16
2016-10-22 11:43:30.704+0000 INFO  [o.n.k.i.DiagnosticsManager] ftp.nonProxyHosts = local|*.local|169.254/16|*.169.254/16
2016-10-22 11:43:30.704+0000 INFO  [o.n.k.i.DiagnosticsManager] sun.cpu.isalist = 
2016-10-22 11:43:30.704+0000 INFO  [o.n.k.i.DiagnosticsManager] Network information:
2016-10-22 11:43:30.717+0000 INFO  [o.n.k.i.DiagnosticsManager] Interface utun0:
2016-10-22 11:43:30.719+0000 INFO  [o.n.k.i.DiagnosticsManager]     address: fe80:0:0:0:5401:f439:6e0d:1be1%utun0
2016-10-22 11:43:30.719+0000 INFO  [o.n.k.i.DiagnosticsManager] Interface awdl0:
2016-10-22 11:43:30.719+0000 INFO  [o.n.k.i.DiagnosticsManager]     address: fe80:0:0:0:4455:16ff:fefe:a047%awdl0
2016-10-22 11:43:30.719+0000 INFO  [o.n.k.i.DiagnosticsManager] Interface en0:
2016-10-22 11:43:30.719+0000 INFO  [o.n.k.i.DiagnosticsManager]     address: fe80:0:0:0:c97:2596:377f:170a%en0
2016-10-22 11:43:30.719+0000 INFO  [o.n.k.i.DiagnosticsManager]     address: 192.168.0.103
2016-10-22 11:43:30.719+0000 INFO  [o.n.k.i.DiagnosticsManager] Interface lo0:
2016-10-22 11:43:30.719+0000 INFO  [o.n.k.i.DiagnosticsManager]     address: fe80:0:0:0:0:0:0:1%lo0
2016-10-22 11:43:30.719+0000 INFO  [o.n.k.i.DiagnosticsManager]     address: 0:0:0:0:0:0:0:1
2016-10-22 11:43:30.719+0000 INFO  [o.n.k.i.DiagnosticsManager]     address: 127.0.0.1
2016-10-22 11:43:30.720+0000 INFO  [o.n.k.i.DiagnosticsManager] --- INITIALIZED diagnostics END ---
2016-10-22 11:43:30.844+0000 INFO  [o.n.b.v.r.Sessions] No SSL certificate found, generating a self-signed certificate..
2016-10-22 11:43:37.521+0000 INFO  [o.n.b.v.r.Sessions] Bolt Server extension loaded.
2016-10-22 11:43:37.524+0000 INFO  [o.n.b.v.r.Sessions] Bolt enabled on localhost:7687.
2016-10-22 11:43:37.778+0000 INFO  [o.n.k.i.s.f.RecordFormatSelector] Selected format 'RecordFormat:StandardV3_0[v0.A.7]' for the new store
2016-10-22 11:43:38.407+0000 INFO  [o.n.k.a.i.l.LuceneLabelScanStore] No lucene scan store index found, this might just be first use. Preparing to rebuild.
2016-10-22 11:43:38.857+0000 INFO  [o.n.k.NeoStoreDataSource] Opened logical log [/Users/remcovisser/code/school/hr/Jaar2/Blok1/Assignment3/neostore.transaction.db.0] version=0, lastTxId=1 (clean)
2016-10-22 11:43:38.865+0000 WARN  [o.n.k.i.s.MetaDataStore] Missing counts store, rebuilding it.
2016-10-22 11:43:38.992+0000 INFO  [o.n.k.a.i.l.LuceneLabelScanStore] Rebuilding lucene scan store, this may take a while
2016-10-22 11:43:39.010+0000 INFO  [o.n.k.a.i.l.LuceneLabelScanStore] Lucene scan store rebuilt (roughly 0 nodes)
2016-10-22 11:43:39.013+0000 INFO  [o.n.k.i.DatabaseHealth] Database health set to OK
2016-10-22 11:43:45.297+0000 INFO  [o.n.k.AvailabilityGuard] Fulfilling of requirement makes database available: Database available
2016-10-22 11:43:45.297+0000 INFO  [o.n.k.i.f.CommunityFacadeFactory] Database is now ready
2016-10-22 11:43:45.299+0000 INFO  [o.n.k.i.DiagnosticsManager] --- STARTED diagnostics for KernelDiagnostics:Versions START ---
2016-10-22 11:43:45.299+0000 INFO  [o.n.k.i.DiagnosticsManager] Graph Database: community single StoreId{creationTime=1477136618127, randomId=-4848170769482709777, storeVersion=15531981201765894, upgradeTime=1477136618127, upgradeId=1}
2016-10-22 11:43:45.299+0000 INFO  [o.n.k.i.DiagnosticsManager] Kernel version: 3.0.6
2016-10-22 11:43:45.299+0000 INFO  [o.n.k.i.DiagnosticsManager] --- STARTED diagnostics for KernelDiagnostics:Versions END ---
2016-10-22 11:43:45.301+0000 INFO  [o.n.k.i.DiagnosticsManager] --- STARTED diagnostics for NEO_STORE_VERSIONS START ---
2016-10-22 11:43:45.302+0000 INFO  [o.n.k.i.DiagnosticsManager] Store versions:
2016-10-22 11:43:45.302+0000 INFO  [o.n.k.i.DiagnosticsManager] Store versions:
2016-10-22 11:43:45.302+0000 INFO  [o.n.k.i.DiagnosticsManager]   ArrayPropertyStore v0.A.7
2016-10-22 11:43:45.302+0000 INFO  [o.n.k.i.DiagnosticsManager]   NodeStore v0.A.7
2016-10-22 11:43:45.302+0000 INFO  [o.n.k.i.DiagnosticsManager]   StringPropertyStore v0.A.7
2016-10-22 11:43:45.302+0000 INFO  [o.n.k.i.DiagnosticsManager]   PropertyIndexStore v0.A.7
2016-10-22 11:43:45.302+0000 INFO  [o.n.k.i.DiagnosticsManager]   StringPropertyStore v0.A.7
2016-10-22 11:43:45.302+0000 INFO  [o.n.k.i.DiagnosticsManager]   ArrayPropertyStore v0.A.7
2016-10-22 11:43:45.302+0000 INFO  [o.n.k.i.DiagnosticsManager]   PropertyStore v0.A.7
2016-10-22 11:43:45.302+0000 INFO  [o.n.k.i.DiagnosticsManager]   RelationshipStore v0.A.7
2016-10-22 11:43:45.302+0000 INFO  [o.n.k.i.DiagnosticsManager]   StringPropertyStore v0.A.7
2016-10-22 11:43:45.302+0000 INFO  [o.n.k.i.DiagnosticsManager]   RelationshipTypeStore v0.A.7
2016-10-22 11:43:45.302+0000 INFO  [o.n.k.i.DiagnosticsManager]   StringPropertyStore v0.A.7
2016-10-22 11:43:45.302+0000 INFO  [o.n.k.i.DiagnosticsManager]   LabelTokenStore v0.A.7
2016-10-22 11:43:45.302+0000 INFO  [o.n.k.i.DiagnosticsManager]   SchemaStore v0.A.7
2016-10-22 11:43:45.302+0000 INFO  [o.n.k.i.DiagnosticsManager]   RelationshipGroupStore v0.A.7
2016-10-22 11:43:45.302+0000 INFO  [o.n.k.i.DiagnosticsManager]   NeoStore v0.A.7
2016-10-22 11:43:45.302+0000 INFO  [o.n.k.i.DiagnosticsManager] --- STARTED diagnostics for NEO_STORE_VERSIONS END ---
2016-10-22 11:43:45.303+0000 INFO  [o.n.k.i.DiagnosticsManager] --- STARTED diagnostics for NEO_STORE_ID_USAGE START ---
2016-10-22 11:43:45.303+0000 INFO  [o.n.k.i.DiagnosticsManager] Id usage:
2016-10-22 11:43:45.303+0000 INFO  [o.n.k.i.DiagnosticsManager] Id usage:
2016-10-22 11:43:45.303+0000 INFO  [o.n.k.i.DiagnosticsManager]   ArrayPropertyStore: used=1 high=0
2016-10-22 11:43:45.303+0000 INFO  [o.n.k.i.DiagnosticsManager]   NodeStore: used=0 high=-1
2016-10-22 11:43:45.303+0000 INFO  [o.n.k.i.DiagnosticsManager]   StringPropertyStore: used=1 high=0
2016-10-22 11:43:45.303+0000 INFO  [o.n.k.i.DiagnosticsManager]   PropertyIndexStore: used=0 high=-1
2016-10-22 11:43:45.303+0000 INFO  [o.n.k.i.DiagnosticsManager]   StringPropertyStore: used=1 high=0
2016-10-22 11:43:45.303+0000 INFO  [o.n.k.i.DiagnosticsManager]   ArrayPropertyStore: used=1 high=0
2016-10-22 11:43:45.304+0000 INFO  [o.n.k.i.DiagnosticsManager]   PropertyStore: used=0 high=-1
2016-10-22 11:43:45.304+0000 INFO  [o.n.k.i.DiagnosticsManager]   RelationshipStore: used=0 high=-1
2016-10-22 11:43:45.304+0000 INFO  [o.n.k.i.DiagnosticsManager]   StringPropertyStore: used=1 high=0
2016-10-22 11:43:45.304+0000 INFO  [o.n.k.i.DiagnosticsManager]   RelationshipTypeStore: used=0 high=-1
2016-10-22 11:43:45.304+0000 INFO  [o.n.k.i.DiagnosticsManager]   StringPropertyStore: used=1 high=0
2016-10-22 11:43:45.304+0000 INFO  [o.n.k.i.DiagnosticsManager]   LabelTokenStore: used=0 high=-1
2016-10-22 11:43:45.305+0000 INFO  [o.n.k.i.DiagnosticsManager]   SchemaStore: used=1 high=0
2016-10-22 11:43:45.305+0000 INFO  [o.n.k.i.DiagnosticsManager]   RelationshipGroupStore: used=1 high=0
2016-10-22 11:43:45.305+0000 INFO  [o.n.k.i.DiagnosticsManager]   NeoStore: used=15 high=14
2016-10-22 11:43:45.305+0000 INFO  [o.n.k.i.DiagnosticsManager] --- STARTED diagnostics for NEO_STORE_ID_USAGE END ---
2016-10-22 11:43:45.305+0000 INFO  [o.n.k.i.DiagnosticsManager] --- STARTED diagnostics for NEO_STORE_RECORDS START ---
2016-10-22 11:43:45.305+0000 INFO  [o.n.k.i.DiagnosticsManager] Neostore records:
2016-10-22 11:43:45.306+0000 INFO  [o.n.k.i.DiagnosticsManager] TIME (Creation time): 1477136618127
2016-10-22 11:43:45.306+0000 INFO  [o.n.k.i.DiagnosticsManager] RANDOM_NUMBER (Random number for store id): -4848170769482709777
2016-10-22 11:43:45.306+0000 INFO  [o.n.k.i.DiagnosticsManager] LOG_VERSION (Current log version): 0
2016-10-22 11:43:45.307+0000 INFO  [o.n.k.i.DiagnosticsManager] LAST_TRANSACTION_ID (Last committed transaction): 1
2016-10-22 11:43:45.307+0000 INFO  [o.n.k.i.DiagnosticsManager] STORE_VERSION (Store format version): 15531981201765894
2016-10-22 11:43:45.307+0000 INFO  [o.n.k.i.DiagnosticsManager] FIRST_GRAPH_PROPERTY (First property record containing graph properties): -1
2016-10-22 11:43:45.307+0000 INFO  [o.n.k.i.DiagnosticsManager] LAST_CONSTRAINT_TRANSACTION (Last committed transaction containing constraint changes): 0
2016-10-22 11:43:45.307+0000 INFO  [o.n.k.i.DiagnosticsManager] UPGRADE_TRANSACTION_ID (Transaction id most recent upgrade was performed at): 1
2016-10-22 11:43:45.307+0000 INFO  [o.n.k.i.DiagnosticsManager] UPGRADE_TIME (Time of last upgrade): 1477136618127
2016-10-22 11:43:45.307+0000 INFO  [o.n.k.i.DiagnosticsManager] LAST_TRANSACTION_CHECKSUM (Checksum of last committed transaction): 0
2016-10-22 11:43:45.307+0000 INFO  [o.n.k.i.DiagnosticsManager] UPGRADE_TRANSACTION_CHECKSUM (Checksum of transaction id the most recent upgrade was performed at): 0
2016-10-22 11:43:45.307+0000 INFO  [o.n.k.i.DiagnosticsManager] LAST_CLOSED_TRANSACTION_LOG_VERSION (Log version where the last transaction commit entry has been written into): 0
2016-10-22 11:43:45.307+0000 INFO  [o.n.k.i.DiagnosticsManager] LAST_CLOSED_TRANSACTION_LOG_BYTE_OFFSET (Byte offset in the log file where the last transaction commit entry has been written into): 16
2016-10-22 11:43:45.307+0000 INFO  [o.n.k.i.DiagnosticsManager] LAST_TRANSACTION_COMMIT_TIMESTAMP (Commit time timestamp for last committed transaction): 0
2016-10-22 11:43:45.307+0000 INFO  [o.n.k.i.DiagnosticsManager] UPGRADE_TRANSACTION_COMMIT_TIMESTAMP (Commit timestamp of transaction the most recent upgrade was performed at): 0
2016-10-22 11:43:45.307+0000 INFO  [o.n.k.i.DiagnosticsManager] --- STARTED diagnostics for NEO_STORE_RECORDS END ---
2016-10-22 11:43:45.308+0000 INFO  [o.n.k.i.DiagnosticsManager] --- STARTED diagnostics for TRANSACTION_RANGE START ---
2016-10-22 11:43:45.308+0000 INFO  [o.n.k.i.DiagnosticsManager] Transaction log:
2016-10-22 11:43:45.309+0000 INFO  [o.n.k.i.DiagnosticsManager] No transactions found in any log
2016-10-22 11:43:45.309+0000 INFO  [o.n.k.i.DiagnosticsManager] --- STARTED diagnostics for TRANSACTION_RANGE END ---
2016-10-22 11:43:45.309+0000 INFO  [o.n.k.i.DiagnosticsManager] --- STARTED diagnostics for KernelDiagnostics:StoreFiles START ---
2016-10-22 11:43:45.310+0000 INFO  [o.n.k.i.DiagnosticsManager] Disk space on partition (Total / Free / Free %): 249779191808 / 152138264576 / 60
Storage files: (filename : modification date - size)
2016-10-22 11:43:45.311+0000 INFO  [o.n.k.i.DiagnosticsManager]   certificates:
2016-10-22 11:43:45.311+0000 INFO  [o.n.k.i.DiagnosticsManager]     neo4j.cert: 2016-10-22T13:43:31+0200 - 985.00 B
2016-10-22 11:43:45.312+0000 INFO  [o.n.k.i.DiagnosticsManager]     neo4j.key: 2016-10-22T13:43:31+0200 - 1.66 kB
2016-10-22 11:43:45.312+0000 INFO  [o.n.k.i.DiagnosticsManager]   - Total: 2016-10-22T13:43:31+0200 - 2.63 kB
2016-10-22 11:43:45.312+0000 INFO  [o.n.k.i.DiagnosticsManager]   data:
2016-10-22 11:43:45.313+0000 INFO  [o.n.k.i.DiagnosticsManager]     dbms:
2016-10-22 11:43:45.313+0000 INFO  [o.n.k.i.DiagnosticsManager]       auth: 2016-10-22T13:43:39+0200 - 137.00 B
2016-10-22 11:43:45.314+0000 INFO  [o.n.k.i.DiagnosticsManager]     - Total: 2016-10-22T13:43:39+0200 - 137.00 B
2016-10-22 11:43:45.314+0000 INFO  [o.n.k.i.DiagnosticsManager]   - Total: 2016-10-22T13:43:39+0200 - 137.00 B
2016-10-22 11:43:45.314+0000 INFO  [o.n.k.i.DiagnosticsManager]   index:
2016-10-22 11:43:45.315+0000 INFO  [o.n.k.i.DiagnosticsManager]   - Total: 2016-10-22T13:43:38+0200 - 0.00 B
2016-10-22 11:43:45.315+0000 INFO  [o.n.k.i.DiagnosticsManager]   logs:
2016-10-22 11:43:45.315+0000 INFO  [o.n.k.i.DiagnosticsManager]     debug.log: 2016-10-22T13:43:45+0200 - 26.08 kB
2016-10-22 11:43:45.315+0000 INFO  [o.n.k.i.DiagnosticsManager]   - Total: 2016-10-22T13:43:25+0200 - 26.08 kB
2016-10-22 11:43:45.315+0000 INFO  [o.n.k.i.DiagnosticsManager]   neostore: 2016-10-22T13:43:38+0200 - 8.00 kB
2016-10-22 11:43:45.315+0000 INFO  [o.n.k.i.DiagnosticsManager]   neostore.counts.db.a: 2016-10-22T13:43:38+0200 - 96.00 B
2016-10-22 11:43:45.316+0000 INFO  [o.n.k.i.DiagnosticsManager]   neostore.id: 2016-10-22T13:43:38+0200 - 9.00 B
2016-10-22 11:43:45.316+0000 INFO  [o.n.k.i.DiagnosticsManager]   neostore.labeltokenstore.db: 2016-10-22T13:43:38+0200 - 0.00 B
2016-10-22 11:43:45.316+0000 INFO  [o.n.k.i.DiagnosticsManager]   neostore.labeltokenstore.db.id: 2016-10-22T13:43:38+0200 - 9.00 B
2016-10-22 11:43:45.316+0000 INFO  [o.n.k.i.DiagnosticsManager]   neostore.labeltokenstore.db.names: 2016-10-22T13:43:38+0200 - 8.00 kB
2016-10-22 11:43:45.316+0000 INFO  [o.n.k.i.DiagnosticsManager]   neostore.labeltokenstore.db.names.id: 2016-10-22T13:43:38+0200 - 9.00 B
2016-10-22 11:43:45.316+0000 INFO  [o.n.k.i.DiagnosticsManager]   neostore.nodestore.db: 2016-10-22T13:43:37+0200 - 0.00 B
2016-10-22 11:43:45.317+0000 INFO  [o.n.k.i.DiagnosticsManager]   neostore.nodestore.db.id: 2016-10-22T13:43:37+0200 - 9.00 B
2016-10-22 11:43:45.317+0000 INFO  [o.n.k.i.DiagnosticsManager]   neostore.nodestore.db.labels: 2016-10-22T13:43:37+0200 - 8.00 kB
2016-10-22 11:43:45.317+0000 INFO  [o.n.k.i.DiagnosticsManager]   neostore.nodestore.db.labels.id: 2016-10-22T13:43:37+0200 - 9.00 B
2016-10-22 11:43:45.317+0000 INFO  [o.n.k.i.DiagnosticsManager]   neostore.propertystore.db: 2016-10-22T13:43:38+0200 - 0.00 B
2016-10-22 11:43:45.317+0000 INFO  [o.n.k.i.DiagnosticsManager]   neostore.propertystore.db.arrays: 2016-10-22T13:43:38+0200 - 8.00 kB
2016-10-22 11:43:45.317+0000 INFO  [o.n.k.i.DiagnosticsManager]   neostore.propertystore.db.arrays.id: 2016-10-22T13:43:38+0200 - 9.00 B
2016-10-22 11:43:45.317+0000 INFO  [o.n.k.i.DiagnosticsManager]   neostore.propertystore.db.id: 2016-10-22T13:43:38+0200 - 9.00 B
2016-10-22 11:43:45.317+0000 INFO  [o.n.k.i.DiagnosticsManager]   neostore.propertystore.db.index: 2016-10-22T13:43:38+0200 - 0.00 B
2016-10-22 11:43:45.318+0000 INFO  [o.n.k.i.DiagnosticsManager]   neostore.propertystore.db.index.id: 2016-10-22T13:43:38+0200 - 9.00 B
2016-10-22 11:43:45.318+0000 INFO  [o.n.k.i.DiagnosticsManager]   neostore.propertystore.db.index.keys: 2016-10-22T13:43:37+0200 - 8.00 kB
2016-10-22 11:43:45.318+0000 INFO  [o.n.k.i.DiagnosticsManager]   neostore.propertystore.db.index.keys.id: 2016-10-22T13:43:38+0200 - 9.00 B
2016-10-22 11:43:45.318+0000 INFO  [o.n.k.i.DiagnosticsManager]   neostore.propertystore.db.strings: 2016-10-22T13:43:38+0200 - 8.00 kB
2016-10-22 11:43:45.318+0000 INFO  [o.n.k.i.DiagnosticsManager]   neostore.propertystore.db.strings.id: 2016-10-22T13:43:38+0200 - 9.00 B
2016-10-22 11:43:45.318+0000 INFO  [o.n.k.i.DiagnosticsManager]   neostore.relationshipgroupstore.db: 2016-10-22T13:43:38+0200 - 8.00 kB
2016-10-22 11:43:45.318+0000 INFO  [o.n.k.i.DiagnosticsManager]   neostore.relationshipgroupstore.db.id: 2016-10-22T13:43:38+0200 - 9.00 B
2016-10-22 11:43:45.318+0000 INFO  [o.n.k.i.DiagnosticsManager]   neostore.relationshipstore.db: 2016-10-22T13:43:38+0200 - 0.00 B
2016-10-22 11:43:45.319+0000 INFO  [o.n.k.i.DiagnosticsManager]   neostore.relationshipstore.db.id: 2016-10-22T13:43:38+0200 - 9.00 B
2016-10-22 11:43:45.319+0000 INFO  [o.n.k.i.DiagnosticsManager]   neostore.relationshiptypestore.db: 2016-10-22T13:43:38+0200 - 0.00 B
2016-10-22 11:43:45.319+0000 INFO  [o.n.k.i.DiagnosticsManager]   neostore.relationshiptypestore.db.id: 2016-10-22T13:43:38+0200 - 9.00 B
2016-10-22 11:43:45.319+0000 INFO  [o.n.k.i.DiagnosticsManager]   neostore.relationshiptypestore.db.names: 2016-10-22T13:43:38+0200 - 8.00 kB
2016-10-22 11:43:45.319+0000 INFO  [o.n.k.i.DiagnosticsManager]   neostore.relationshiptypestore.db.names.id: 2016-10-22T13:43:38+0200 - 9.00 B
2016-10-22 11:43:45.320+0000 INFO  [o.n.k.i.DiagnosticsManager]   neostore.schemastore.db: 2016-10-22T13:43:38+0200 - 8.00 kB
2016-10-22 11:43:45.320+0000 INFO  [o.n.k.i.DiagnosticsManager]   neostore.schemastore.db.id: 2016-10-22T13:43:38+0200 - 9.00 B
2016-10-22 11:43:45.320+0000 INFO  [o.n.k.i.DiagnosticsManager]   neostore.transaction.db.0: 2016-10-22T13:43:38+0200 - 16.00 B
2016-10-22 11:43:45.320+0000 INFO  [o.n.k.i.DiagnosticsManager]   schema:
2016-10-22 11:43:45.321+0000 INFO  [o.n.k.i.DiagnosticsManager]     label:
2016-10-22 11:43:45.321+0000 INFO  [o.n.k.i.DiagnosticsManager]       lucene:
2016-10-22 11:43:45.321+0000 INFO  [o.n.k.i.DiagnosticsManager]         labelStore:
2016-10-22 11:43:45.321+0000 INFO  [o.n.k.i.DiagnosticsManager]           1:
2016-10-22 11:43:45.321+0000 INFO  [o.n.k.i.DiagnosticsManager]             write.lock: 2016-10-22T13:43:38+0200 - 0.00 B
2016-10-22 11:43:45.321+0000 INFO  [o.n.k.i.DiagnosticsManager]           - Total: 2016-10-22T13:43:38+0200 - 0.00 B
2016-10-22 11:43:45.321+0000 INFO  [o.n.k.i.DiagnosticsManager]           failure-message: 2016-10-22T13:43:38+0200 - 16.00 kB
2016-10-22 11:43:45.321+0000 INFO  [o.n.k.i.DiagnosticsManager]         - Total: 2016-10-22T13:43:38+0200 - 16.00 kB
2016-10-22 11:43:45.322+0000 INFO  [o.n.k.i.DiagnosticsManager]       - Total: 2016-10-22T13:43:38+0200 - 16.00 kB
2016-10-22 11:43:45.322+0000 INFO  [o.n.k.i.DiagnosticsManager]     - Total: 2016-10-22T13:43:38+0200 - 16.00 kB
2016-10-22 11:43:45.322+0000 INFO  [o.n.k.i.DiagnosticsManager]   - Total: 2016-10-22T13:43:38+0200 - 16.00 kB
2016-10-22 11:43:45.322+0000 INFO  [o.n.k.i.DiagnosticsManager]   store_lock: 2016-10-22T13:43:37+0200 - 0.00 B
2016-10-22 11:43:45.322+0000 INFO  [o.n.k.i.DiagnosticsManager] --- STARTED diagnostics for KernelDiagnostics:StoreFiles END ---
2016-10-22 11:43:49.277+0000 INFO  [o.n.k.i.DiagnosticsManager] --- SERVER STARTED START ---
2016-10-22 11:43:53.009+0000 INFO  [o.n.k.i.DiagnosticsManager] --- SERVER STARTED END ---
2016-10-22 11:45:28.589+0000 WARN  [o.n.k.i.c.MonitorGc] GC Monitor: Application threads blocked for 10000ms.
2016-10-22 11:45:38.692+0000 WARN  [o.n.k.i.c.MonitorGc] GC Monitor: Application threads blocked for 10000ms.
2016-10-22 11:45:41.658+0000 WARN  [o.n.k.i.c.MonitorGc] GC Monitor: Application threads blocked for 2866ms.
